Analysis & Synthesis report for top_BraRV32
Tue Jun 03 09:50:14 2025
Quartus II 64-Bit Version 13.0.1 Build 232 06/12/2013 Service Pack 1 SJ Web Edition


---------------------
; Table of Contents ;
---------------------
  1. Legal Notice
  2. Analysis & Synthesis Summary
  3. Analysis & Synthesis Settings
  4. Parallel Compilation
  5. Analysis & Synthesis Source Files Read
  6. Analysis & Synthesis Resource Usage Summary
  7. Analysis & Synthesis Resource Utilization by Entity
  8. Registers Removed During Synthesis
  9. Removed Registers Triggering Further Register Optimizations
 10. General Register Statistics
 11. Inverted Register Statistics
 12. Multiplexer Restructuring Statistics (Restructuring Performed)
 13. Parameter Settings for User Entity Instance: BraRV32:cpu
 14. Parameter Settings for User Entity Instance: MemoryRV32_synthesis:mem
 15. Parameter Settings for User Entity Instance: PrintDigits:pd
 16. Parameter Settings for User Entity Instance: hex_7seg_decoder:digit0
 17. Parameter Settings for User Entity Instance: hex_7seg_decoder:digit1
 18. Parameter Settings for User Entity Instance: hex_7seg_decoder:digit2
 19. Parameter Settings for User Entity Instance: hex_7seg_decoder:digit3
 20. Parameter Settings for User Entity Instance: hex_7seg_decoder:digit4
 21. Parameter Settings for User Entity Instance: hex_7seg_decoder:digit5
 22. Parameter Settings for User Entity Instance: hex_7seg_decoder:digit6
 23. Parameter Settings for User Entity Instance: hex_7seg_decoder:digit7
 24. Parameter Settings for Inferred Entity Instance: PrintDigits:pd|lpm_divide:Mod0
 25. Parameter Settings for Inferred Entity Instance: PrintDigits:pd|lpm_divide:Div0
 26. Parameter Settings for Inferred Entity Instance: PrintDigits:pd|lpm_divide:Mod1
 27. Parameter Settings for Inferred Entity Instance: PrintDigits:pd|lpm_divide:Div1
 28. Parameter Settings for Inferred Entity Instance: PrintDigits:pd|lpm_divide:Mod2
 29. Parameter Settings for Inferred Entity Instance: PrintDigits:pd|lpm_divide:Div2
 30. Parameter Settings for Inferred Entity Instance: PrintDigits:pd|lpm_divide:Mod3
 31. Parameter Settings for Inferred Entity Instance: PrintDigits:pd|lpm_divide:Div3
 32. Parameter Settings for Inferred Entity Instance: PrintDigits:pd|lpm_divide:Mod4
 33. Parameter Settings for Inferred Entity Instance: PrintDigits:pd|lpm_divide:Div4
 34. Parameter Settings for Inferred Entity Instance: PrintDigits:pd|lpm_divide:Mod5
 35. Parameter Settings for Inferred Entity Instance: PrintDigits:pd|lpm_divide:Div5
 36. Parameter Settings for Inferred Entity Instance: PrintDigits:pd|lpm_divide:Mod6
 37. Parameter Settings for Inferred Entity Instance: PrintDigits:pd|lpm_divide:Div6
 38. Parameter Settings for Inferred Entity Instance: PrintDigits:pd|lpm_divide:Mod7
 39. Port Connectivity Checks: "PrintDigits:pd"
 40. Port Connectivity Checks: "BraRV32:cpu"
 41. Elapsed Time Per Partition
 42. Analysis & Synthesis Messages



----------------
; Legal Notice ;
----------------
Copyright (C) 1991-2013 Altera Corporation
Your use of Altera Corporation's design tools, logic functions 
and other software and tools, and its AMPP partner logic 
functions, and any output files from any of the foregoing 
(including device programming or simulation files), and any 
associated documentation or information are expressly subject 
to the terms and conditions of the Altera Program License 
Subscription Agreement, Altera MegaCore Function License 
Agreement, or other applicable license agreement, including, 
without limitation, that your use is for the sole purpose of 
programming logic devices manufactured by Altera and sold by 
Altera or its authorized distributors.  Please refer to the 
applicable agreement for further details.



+--------------------------------------------------------------------------------------+
; Analysis & Synthesis Summary                                                         ;
+------------------------------------+-------------------------------------------------+
; Analysis & Synthesis Status        ; Successful - Tue Jun 03 09:50:13 2025           ;
; Quartus II 64-Bit Version          ; 13.0.1 Build 232 06/12/2013 SP 1 SJ Web Edition ;
; Revision Name                      ; top_BraRV32                                     ;
; Top-level Entity Name              ; top_BraRV32                                     ;
; Family                             ; Cyclone II                                      ;
; Total logic elements               ; 33,367                                          ;
;     Total combinational functions  ; 16,241                                          ;
;     Dedicated logic registers      ; 17,598                                          ;
; Total registers                    ; 17598                                           ;
; Total pins                         ; 68                                              ;
; Total virtual pins                 ; 0                                               ;
; Total memory bits                  ; 0                                               ;
; Embedded Multiplier 9-bit elements ; 0                                               ;
; Total PLLs                         ; 0                                               ;
+------------------------------------+-------------------------------------------------+


+----------------------------------------------------------------------------------------------------------------------+
; Analysis & Synthesis Settings                                                                                        ;
+----------------------------------------------------------------------------+--------------------+--------------------+
; Option                                                                     ; Setting            ; Default Value      ;
+----------------------------------------------------------------------------+--------------------+--------------------+
; Device                                                                     ; EP2C35F672C6       ;                    ;
; Top-level entity name                                                      ; top_BraRV32        ; top_BraRV32        ;
; Family name                                                                ; Cyclone II         ; Cyclone IV GX      ;
; Use smart compilation                                                      ; Off                ; Off                ;
; Enable parallel Assembler and TimeQuest Timing Analyzer during compilation ; On                 ; On                 ;
; Enable compact report table                                                ; Off                ; Off                ;
; Restructure Multiplexers                                                   ; Auto               ; Auto               ;
; Create Debugging Nodes for IP Cores                                        ; Off                ; Off                ;
; Preserve fewer node names                                                  ; On                 ; On                 ;
; Disable OpenCore Plus hardware evaluation                                  ; Off                ; Off                ;
; Verilog Version                                                            ; Verilog_2001       ; Verilog_2001       ;
; VHDL Version                                                               ; VHDL_1993          ; VHDL_1993          ;
; State Machine Processing                                                   ; Auto               ; Auto               ;
; Safe State Machine                                                         ; Off                ; Off                ;
; Extract Verilog State Machines                                             ; On                 ; On                 ;
; Extract VHDL State Machines                                                ; On                 ; On                 ;
; Ignore Verilog initial constructs                                          ; Off                ; Off                ;
; Iteration limit for constant Verilog loops                                 ; 5000               ; 5000               ;
; Iteration limit for non-constant Verilog loops                             ; 250                ; 250                ;
; Add Pass-Through Logic to Inferred RAMs                                    ; On                 ; On                 ;
; Infer RAMs from Raw Logic                                                  ; On                 ; On                 ;
; Parallel Synthesis                                                         ; On                 ; On                 ;
; DSP Block Balancing                                                        ; Auto               ; Auto               ;
; NOT Gate Push-Back                                                         ; On                 ; On                 ;
; Power-Up Don't Care                                                        ; On                 ; On                 ;
; Remove Redundant Logic Cells                                               ; Off                ; Off                ;
; Remove Duplicate Registers                                                 ; On                 ; On                 ;
; Ignore CARRY Buffers                                                       ; Off                ; Off                ;
; Ignore CASCADE Buffers                                                     ; Off                ; Off                ;
; Ignore GLOBAL Buffers                                                      ; Off                ; Off                ;
; Ignore ROW GLOBAL Buffers                                                  ; Off                ; Off                ;
; Ignore LCELL Buffers                                                       ; Off                ; Off                ;
; Ignore SOFT Buffers                                                        ; On                 ; On                 ;
; Limit AHDL Integers to 32 Bits                                             ; Off                ; Off                ;
; Optimization Technique                                                     ; Balanced           ; Balanced           ;
; Carry Chain Length                                                         ; 70                 ; 70                 ;
; Auto Carry Chains                                                          ; On                 ; On                 ;
; Auto Open-Drain Pins                                                       ; On                 ; On                 ;
; Perform WYSIWYG Primitive Resynthesis                                      ; Off                ; Off                ;
; Auto ROM Replacement                                                       ; On                 ; On                 ;
; Auto RAM Replacement                                                       ; On                 ; On                 ;
; Auto Shift Register Replacement                                            ; Auto               ; Auto               ;
; Allow Shift Register Merging across Hierarchies                            ; Auto               ; Auto               ;
; Auto Clock Enable Replacement                                              ; On                 ; On                 ;
; Strict RAM Replacement                                                     ; Off                ; Off                ;
; Allow Synchronous Control Signals                                          ; On                 ; On                 ;
; Force Use of Synchronous Clear Signals                                     ; Off                ; Off                ;
; Auto RAM to Logic Cell Conversion                                          ; Off                ; Off                ;
; Auto Resource Sharing                                                      ; Off                ; Off                ;
; Allow Any RAM Size For Recognition                                         ; Off                ; Off                ;
; Allow Any ROM Size For Recognition                                         ; Off                ; Off                ;
; Allow Any Shift Register Size For Recognition                              ; Off                ; Off                ;
; Use LogicLock Constraints during Resource Balancing                        ; On                 ; On                 ;
; Ignore translate_off and synthesis_off directives                          ; Off                ; Off                ;
; Timing-Driven Synthesis                                                    ; Off                ; Off                ;
; Report Parameter Settings                                                  ; On                 ; On                 ;
; Report Source Assignments                                                  ; On                 ; On                 ;
; Report Connectivity Checks                                                 ; On                 ; On                 ;
; Ignore Maximum Fan-Out Assignments                                         ; Off                ; Off                ;
; Synchronization Register Chain Length                                      ; 2                  ; 2                  ;
; PowerPlay Power Optimization                                               ; Normal compilation ; Normal compilation ;
; HDL message level                                                          ; Level2             ; Level2             ;
; Suppress Register Optimization Related Messages                            ; Off                ; Off                ;
; Number of Removed Registers Reported in Synthesis Report                   ; 5000               ; 5000               ;
; Number of Swept Nodes Reported in Synthesis Report                         ; 5000               ; 5000               ;
; Number of Inverted Registers Reported in Synthesis Report                  ; 100                ; 100                ;
; Clock MUX Protection                                                       ; On                 ; On                 ;
; Auto Gated Clock Conversion                                                ; Off                ; Off                ;
; Block Design Naming                                                        ; Auto               ; Auto               ;
; SDC constraint protection                                                  ; Off                ; Off                ;
; Synthesis Effort                                                           ; Auto               ; Auto               ;
; Shift Register Replacement - Allow Asynchronous Clear Signal               ; On                 ; On                 ;
; Pre-Mapping Resynthesis Optimization                                       ; Off                ; Off                ;
; Analysis & Synthesis Message Level                                         ; Medium             ; Medium             ;
; Disable Register Merging Across Hierarchies                                ; Auto               ; Auto               ;
; Resource Aware Inference For Block RAM                                     ; On                 ; On                 ;
; Synthesis Seed                                                             ; 1                  ; 1                  ;
+----------------------------------------------------------------------------+--------------------+--------------------+


Parallel compilation was disabled, but you have multiple processors available. Enable parallel compilation to reduce compilation time.
+-------------------------------------+
; Parallel Compilation                ;
+----------------------------+--------+
; Processors                 ; Number ;
+----------------------------+--------+
; Number detected on machine ; 8      ;
; Maximum allowed            ; 1      ;
+----------------------------+--------+


+---------------------------------------------------------------------------------------------------------------------------------------------------------------------+
; Analysis & Synthesis Source Files Read                                                                                                                              ;
+----------------------------------+-----------------+------------------------------+-----------------------------------------------------------------------+---------+
; File Name with User-Entered Path ; Used in Netlist ; File Type                    ; File Name with Absolute Path                                          ; Library ;
+----------------------------------+-----------------+------------------------------+-----------------------------------------------------------------------+---------+
; brarv32.v                        ; yes             ; User Verilog HDL File        ; C:/Users/brahim/Desktop/BraRV32_DE2/rtl/brarv32.v                     ;         ;
; printdigits.v                    ; yes             ; User Verilog HDL File        ; C:/Users/brahim/Desktop/BraRV32_DE2/rtl/printdigits.v                 ;         ;
; hex_7seg_decoder.v               ; yes             ; User Verilog HDL File        ; C:/Users/brahim/Desktop/BraRV32_DE2/rtl/hex_7seg_decoder.v            ;         ;
; memoryrv32_synthesis.v           ; yes             ; User Verilog HDL File        ; C:/Users/brahim/Desktop/BraRV32_DE2/rtl/memoryrv32_synthesis.v        ;         ;
; top_brarv32.v                    ; yes             ; User Verilog HDL File        ; C:/Users/brahim/Desktop/BraRV32_DE2/rtl/top_brarv32.v                 ;         ;
; full_synthesis_program.tv        ; yes             ; Auto-Found Unspecified File  ; C:/Users/brahim/Desktop/BraRV32_DE2/rtl/full_synthesis_program.tv     ;         ;
; lpm_divide.tdf                   ; yes             ; Megafunction                 ; d:/quartus13.0sp1/quartus/libraries/megafunctions/lpm_divide.tdf      ;         ;
; abs_divider.inc                  ; yes             ; Megafunction                 ; d:/quartus13.0sp1/quartus/libraries/megafunctions/abs_divider.inc     ;         ;
; sign_div_unsign.inc              ; yes             ; Megafunction                 ; d:/quartus13.0sp1/quartus/libraries/megafunctions/sign_div_unsign.inc ;         ;
; aglobal130.inc                   ; yes             ; Megafunction                 ; d:/quartus13.0sp1/quartus/libraries/megafunctions/aglobal130.inc      ;         ;
; db/lpm_divide_j6m.tdf            ; yes             ; Auto-Generated Megafunction  ; C:/Users/brahim/Desktop/BraRV32_DE2/rtl/db/lpm_divide_j6m.tdf         ;         ;
; db/sign_div_unsign_qlh.tdf       ; yes             ; Auto-Generated Megafunction  ; C:/Users/brahim/Desktop/BraRV32_DE2/rtl/db/sign_div_unsign_qlh.tdf    ;         ;
; db/alt_u_div_m2f.tdf             ; yes             ; Auto-Generated Megafunction  ; C:/Users/brahim/Desktop/BraRV32_DE2/rtl/db/alt_u_div_m2f.tdf          ;         ;
; db/add_sub_lkc.tdf               ; yes             ; Auto-Generated Megafunction  ; C:/Users/brahim/Desktop/BraRV32_DE2/rtl/db/add_sub_lkc.tdf            ;         ;
; db/add_sub_mkc.tdf               ; yes             ; Auto-Generated Megafunction  ; C:/Users/brahim/Desktop/BraRV32_DE2/rtl/db/add_sub_mkc.tdf            ;         ;
; db/lpm_divide_gem.tdf            ; yes             ; Auto-Generated Megafunction  ; C:/Users/brahim/Desktop/BraRV32_DE2/rtl/db/lpm_divide_gem.tdf         ;         ;
+----------------------------------+-----------------+------------------------------+-----------------------------------------------------------------------+---------+


+------------------------------------------------------+
; Analysis & Synthesis Resource Usage Summary          ;
+---------------------------------------------+--------+
; Resource                                    ; Usage  ;
+---------------------------------------------+--------+
; Estimated Total logic elements              ; 33,367 ;
;                                             ;        ;
; Total combinational functions               ; 16241  ;
; Logic element usage by number of LUT inputs ;        ;
;     -- 4 input functions                    ; 14804  ;
;     -- 3 input functions                    ; 747    ;
;     -- <=2 input functions                  ; 690    ;
;                                             ;        ;
; Logic elements by mode                      ;        ;
;     -- normal mode                          ; 15800  ;
;     -- arithmetic mode                      ; 441    ;
;                                             ;        ;
; Total registers                             ; 17598  ;
;     -- Dedicated logic registers            ; 17598  ;
;     -- I/O registers                        ; 0      ;
;                                             ;        ;
; I/O pins                                    ; 68     ;
; Embedded Multiplier 9-bit elements          ; 0      ;
; Maximum fan-out node                        ; clk    ;
; Maximum fan-out                             ; 17598  ;
; Total fan-out                               ; 115393 ;
; Average fan-out                             ; 3.40   ;
+---------------------------------------------+--------+


+-----------------------------------------------------------------------------------------------------------------------------------------------------------------------------------------------------------------------------------------------------------------------------------------------------+
; Analysis & Synthesis Resource Utilization by Entity                                                                                                                                                                                                                                                 ;
+-------------------------------------------+-------------------+---------------+-------------+--------------+---------+-----------+------+--------------+-----------------------------------------------------------------------------------------------------------------------------+--------------+
; Compilation Hierarchy Node                ; LC Combinationals ; LC Registers  ; Memory Bits ; DSP Elements ; DSP 9x9 ; DSP 18x18 ; Pins ; Virtual Pins ; Full Hierarchy Name                                                                                                         ; Library Name ;
+-------------------------------------------+-------------------+---------------+-------------+--------------+---------+-----------+------+--------------+-----------------------------------------------------------------------------------------------------------------------------+--------------+
; |top_BraRV32                              ; 16241 (0)         ; 17598 (0)     ; 0           ; 0            ; 0       ; 0         ; 68   ; 0            ; |top_BraRV32                                                                                                                ; work         ;
;    |BraRV32:cpu|                          ; 2082 (2082)       ; 1182 (1182)   ; 0           ; 0            ; 0       ; 0         ; 0    ; 0            ; |top_BraRV32|BraRV32:cpu                                                                                                    ; work         ;
;    |MemoryRV32_synthesis:mem|             ; 13227 (13227)     ; 16416 (16416) ; 0           ; 0            ; 0       ; 0         ; 0    ; 0            ; |top_BraRV32|MemoryRV32_synthesis:mem                                                                                       ; work         ;
;    |PrintDigits:pd|                       ; 897 (67)          ; 0 (0)         ; 0           ; 0            ; 0       ; 0         ; 0    ; 0            ; |top_BraRV32|PrintDigits:pd                                                                                                 ; work         ;
;       |lpm_divide:Div0|                   ; 160 (0)           ; 0 (0)         ; 0           ; 0            ; 0       ; 0         ; 0    ; 0            ; |top_BraRV32|PrintDigits:pd|lpm_divide:Div0                                                                                 ; work         ;
;          |lpm_divide_gem:auto_generated|  ; 160 (0)           ; 0 (0)         ; 0           ; 0            ; 0       ; 0         ; 0    ; 0            ; |top_BraRV32|PrintDigits:pd|lpm_divide:Div0|lpm_divide_gem:auto_generated                                                   ; work         ;
;             |sign_div_unsign_qlh:divider| ; 160 (0)           ; 0 (0)         ; 0           ; 0            ; 0       ; 0         ; 0    ; 0            ; |top_BraRV32|PrintDigits:pd|lpm_divide:Div0|lpm_divide_gem:auto_generated|sign_div_unsign_qlh:divider                       ; work         ;
;                |alt_u_div_m2f:divider|    ; 160 (160)         ; 0 (0)         ; 0           ; 0            ; 0       ; 0         ; 0    ; 0            ; |top_BraRV32|PrintDigits:pd|lpm_divide:Div0|lpm_divide_gem:auto_generated|sign_div_unsign_qlh:divider|alt_u_div_m2f:divider ; work         ;
;       |lpm_divide:Div1|                   ; 123 (0)           ; 0 (0)         ; 0           ; 0            ; 0       ; 0         ; 0    ; 0            ; |top_BraRV32|PrintDigits:pd|lpm_divide:Div1                                                                                 ; work         ;
;          |lpm_divide_gem:auto_generated|  ; 123 (0)           ; 0 (0)         ; 0           ; 0            ; 0       ; 0         ; 0    ; 0            ; |top_BraRV32|PrintDigits:pd|lpm_divide:Div1|lpm_divide_gem:auto_generated                                                   ; work         ;
;             |sign_div_unsign_qlh:divider| ; 123 (0)           ; 0 (0)         ; 0           ; 0            ; 0       ; 0         ; 0    ; 0            ; |top_BraRV32|PrintDigits:pd|lpm_divide:Div1|lpm_divide_gem:auto_generated|sign_div_unsign_qlh:divider                       ; work         ;
;                |alt_u_div_m2f:divider|    ; 123 (123)         ; 0 (0)         ; 0           ; 0            ; 0       ; 0         ; 0    ; 0            ; |top_BraRV32|PrintDigits:pd|lpm_divide:Div1|lpm_divide_gem:auto_generated|sign_div_unsign_qlh:divider|alt_u_div_m2f:divider ; work         ;
;       |lpm_divide:Div2|                   ; 84 (0)            ; 0 (0)         ; 0           ; 0            ; 0       ; 0         ; 0    ; 0            ; |top_BraRV32|PrintDigits:pd|lpm_divide:Div2                                                                                 ; work         ;
;          |lpm_divide_gem:auto_generated|  ; 84 (0)            ; 0 (0)         ; 0           ; 0            ; 0       ; 0         ; 0    ; 0            ; |top_BraRV32|PrintDigits:pd|lpm_divide:Div2|lpm_divide_gem:auto_generated                                                   ; work         ;
;             |sign_div_unsign_qlh:divider| ; 84 (0)            ; 0 (0)         ; 0           ; 0            ; 0       ; 0         ; 0    ; 0            ; |top_BraRV32|PrintDigits:pd|lpm_divide:Div2|lpm_divide_gem:auto_generated|sign_div_unsign_qlh:divider                       ; work         ;
;                |alt_u_div_m2f:divider|    ; 84 (84)           ; 0 (0)         ; 0           ; 0            ; 0       ; 0         ; 0    ; 0            ; |top_BraRV32|PrintDigits:pd|lpm_divide:Div2|lpm_divide_gem:auto_generated|sign_div_unsign_qlh:divider|alt_u_div_m2f:divider ; work         ;
;       |lpm_divide:Div3|                   ; 44 (0)            ; 0 (0)         ; 0           ; 0            ; 0       ; 0         ; 0    ; 0            ; |top_BraRV32|PrintDigits:pd|lpm_divide:Div3                                                                                 ; work         ;
;          |lpm_divide_gem:auto_generated|  ; 44 (0)            ; 0 (0)         ; 0           ; 0            ; 0       ; 0         ; 0    ; 0            ; |top_BraRV32|PrintDigits:pd|lpm_divide:Div3|lpm_divide_gem:auto_generated                                                   ; work         ;
;             |sign_div_unsign_qlh:divider| ; 44 (0)            ; 0 (0)         ; 0           ; 0            ; 0       ; 0         ; 0    ; 0            ; |top_BraRV32|PrintDigits:pd|lpm_divide:Div3|lpm_divide_gem:auto_generated|sign_div_unsign_qlh:divider                       ; work         ;
;                |alt_u_div_m2f:divider|    ; 44 (44)           ; 0 (0)         ; 0           ; 0            ; 0       ; 0         ; 0    ; 0            ; |top_BraRV32|PrintDigits:pd|lpm_divide:Div3|lpm_divide_gem:auto_generated|sign_div_unsign_qlh:divider|alt_u_div_m2f:divider ; work         ;
;       |lpm_divide:Div4|                   ; 5 (0)             ; 0 (0)         ; 0           ; 0            ; 0       ; 0         ; 0    ; 0            ; |top_BraRV32|PrintDigits:pd|lpm_divide:Div4                                                                                 ; work         ;
;          |lpm_divide_gem:auto_generated|  ; 5 (0)             ; 0 (0)         ; 0           ; 0            ; 0       ; 0         ; 0    ; 0            ; |top_BraRV32|PrintDigits:pd|lpm_divide:Div4|lpm_divide_gem:auto_generated                                                   ; work         ;
;             |sign_div_unsign_qlh:divider| ; 5 (0)             ; 0 (0)         ; 0           ; 0            ; 0       ; 0         ; 0    ; 0            ; |top_BraRV32|PrintDigits:pd|lpm_divide:Div4|lpm_divide_gem:auto_generated|sign_div_unsign_qlh:divider                       ; work         ;
;                |alt_u_div_m2f:divider|    ; 5 (5)             ; 0 (0)         ; 0           ; 0            ; 0       ; 0         ; 0    ; 0            ; |top_BraRV32|PrintDigits:pd|lpm_divide:Div4|lpm_divide_gem:auto_generated|sign_div_unsign_qlh:divider|alt_u_div_m2f:divider ; work         ;
;       |lpm_divide:Mod0|                   ; 160 (0)           ; 0 (0)         ; 0           ; 0            ; 0       ; 0         ; 0    ; 0            ; |top_BraRV32|PrintDigits:pd|lpm_divide:Mod0                                                                                 ; work         ;
;          |lpm_divide_j6m:auto_generated|  ; 160 (0)           ; 0 (0)         ; 0           ; 0            ; 0       ; 0         ; 0    ; 0            ; |top_BraRV32|PrintDigits:pd|lpm_divide:Mod0|lpm_divide_j6m:auto_generated                                                   ; work         ;
;             |sign_div_unsign_qlh:divider| ; 160 (0)           ; 0 (0)         ; 0           ; 0            ; 0       ; 0         ; 0    ; 0            ; |top_BraRV32|PrintDigits:pd|lpm_divide:Mod0|lpm_divide_j6m:auto_generated|sign_div_unsign_qlh:divider                       ; work         ;
;                |alt_u_div_m2f:divider|    ; 160 (160)         ; 0 (0)         ; 0           ; 0            ; 0       ; 0         ; 0    ; 0            ; |top_BraRV32|PrintDigits:pd|lpm_divide:Mod0|lpm_divide_j6m:auto_generated|sign_div_unsign_qlh:divider|alt_u_div_m2f:divider ; work         ;
;       |lpm_divide:Mod1|                   ; 122 (0)           ; 0 (0)         ; 0           ; 0            ; 0       ; 0         ; 0    ; 0            ; |top_BraRV32|PrintDigits:pd|lpm_divide:Mod1                                                                                 ; work         ;
;          |lpm_divide_j6m:auto_generated|  ; 122 (0)           ; 0 (0)         ; 0           ; 0            ; 0       ; 0         ; 0    ; 0            ; |top_BraRV32|PrintDigits:pd|lpm_divide:Mod1|lpm_divide_j6m:auto_generated                                                   ; work         ;
;             |sign_div_unsign_qlh:divider| ; 122 (0)           ; 0 (0)         ; 0           ; 0            ; 0       ; 0         ; 0    ; 0            ; |top_BraRV32|PrintDigits:pd|lpm_divide:Mod1|lpm_divide_j6m:auto_generated|sign_div_unsign_qlh:divider                       ; work         ;
;                |alt_u_div_m2f:divider|    ; 122 (122)         ; 0 (0)         ; 0           ; 0            ; 0       ; 0         ; 0    ; 0            ; |top_BraRV32|PrintDigits:pd|lpm_divide:Mod1|lpm_divide_j6m:auto_generated|sign_div_unsign_qlh:divider|alt_u_div_m2f:divider ; work         ;
;       |lpm_divide:Mod2|                   ; 83 (0)            ; 0 (0)         ; 0           ; 0            ; 0       ; 0         ; 0    ; 0            ; |top_BraRV32|PrintDigits:pd|lpm_divide:Mod2                                                                                 ; work         ;
;          |lpm_divide_j6m:auto_generated|  ; 83 (0)            ; 0 (0)         ; 0           ; 0            ; 0       ; 0         ; 0    ; 0            ; |top_BraRV32|PrintDigits:pd|lpm_divide:Mod2|lpm_divide_j6m:auto_generated                                                   ; work         ;
;             |sign_div_unsign_qlh:divider| ; 83 (0)            ; 0 (0)         ; 0           ; 0            ; 0       ; 0         ; 0    ; 0            ; |top_BraRV32|PrintDigits:pd|lpm_divide:Mod2|lpm_divide_j6m:auto_generated|sign_div_unsign_qlh:divider                       ; work         ;
;                |alt_u_div_m2f:divider|    ; 83 (83)           ; 0 (0)         ; 0           ; 0            ; 0       ; 0         ; 0    ; 0            ; |top_BraRV32|PrintDigits:pd|lpm_divide:Mod2|lpm_divide_j6m:auto_generated|sign_div_unsign_qlh:divider|alt_u_div_m2f:divider ; work         ;
;       |lpm_divide:Mod3|                   ; 44 (0)            ; 0 (0)         ; 0           ; 0            ; 0       ; 0         ; 0    ; 0            ; |top_BraRV32|PrintDigits:pd|lpm_divide:Mod3                                                                                 ; work         ;
;          |lpm_divide_j6m:auto_generated|  ; 44 (0)            ; 0 (0)         ; 0           ; 0            ; 0       ; 0         ; 0    ; 0            ; |top_BraRV32|PrintDigits:pd|lpm_divide:Mod3|lpm_divide_j6m:auto_generated                                                   ; work         ;
;             |sign_div_unsign_qlh:divider| ; 44 (0)            ; 0 (0)         ; 0           ; 0            ; 0       ; 0         ; 0    ; 0            ; |top_BraRV32|PrintDigits:pd|lpm_divide:Mod3|lpm_divide_j6m:auto_generated|sign_div_unsign_qlh:divider                       ; work         ;
;                |alt_u_div_m2f:divider|    ; 44 (44)           ; 0 (0)         ; 0           ; 0            ; 0       ; 0         ; 0    ; 0            ; |top_BraRV32|PrintDigits:pd|lpm_divide:Mod3|lpm_divide_j6m:auto_generated|sign_div_unsign_qlh:divider|alt_u_div_m2f:divider ; work         ;
;       |lpm_divide:Mod4|                   ; 5 (0)             ; 0 (0)         ; 0           ; 0            ; 0       ; 0         ; 0    ; 0            ; |top_BraRV32|PrintDigits:pd|lpm_divide:Mod4                                                                                 ; work         ;
;          |lpm_divide_j6m:auto_generated|  ; 5 (0)             ; 0 (0)         ; 0           ; 0            ; 0       ; 0         ; 0    ; 0            ; |top_BraRV32|PrintDigits:pd|lpm_divide:Mod4|lpm_divide_j6m:auto_generated                                                   ; work         ;
;             |sign_div_unsign_qlh:divider| ; 5 (0)             ; 0 (0)         ; 0           ; 0            ; 0       ; 0         ; 0    ; 0            ; |top_BraRV32|PrintDigits:pd|lpm_divide:Mod4|lpm_divide_j6m:auto_generated|sign_div_unsign_qlh:divider                       ; work         ;
;                |alt_u_div_m2f:divider|    ; 5 (5)             ; 0 (0)         ; 0           ; 0            ; 0       ; 0         ; 0    ; 0            ; |top_BraRV32|PrintDigits:pd|lpm_divide:Mod4|lpm_divide_j6m:auto_generated|sign_div_unsign_qlh:divider|alt_u_div_m2f:divider ; work         ;
;    |hex_7seg_decoder:digit0|              ; 7 (7)             ; 0 (0)         ; 0           ; 0            ; 0       ; 0         ; 0    ; 0            ; |top_BraRV32|hex_7seg_decoder:digit0                                                                                        ; work         ;
;    |hex_7seg_decoder:digit1|              ; 7 (7)             ; 0 (0)         ; 0           ; 0            ; 0       ; 0         ; 0    ; 0            ; |top_BraRV32|hex_7seg_decoder:digit1                                                                                        ; work         ;
;    |hex_7seg_decoder:digit2|              ; 7 (7)             ; 0 (0)         ; 0           ; 0            ; 0       ; 0         ; 0    ; 0            ; |top_BraRV32|hex_7seg_decoder:digit2                                                                                        ; work         ;
;    |hex_7seg_decoder:digit3|              ; 7 (7)             ; 0 (0)         ; 0           ; 0            ; 0       ; 0         ; 0    ; 0            ; |top_BraRV32|hex_7seg_decoder:digit3                                                                                        ; work         ;
;    |hex_7seg_decoder:digit4|              ; 7 (7)             ; 0 (0)         ; 0           ; 0            ; 0       ; 0         ; 0    ; 0            ; |top_BraRV32|hex_7seg_decoder:digit4                                                                                        ; work         ;
+-------------------------------------------+-------------------+---------------+-------------+--------------+---------+-----------+------+--------------+-----------------------------------------------------------------------------------------------------------------------------+--------------+
Note: For table entries with two numbers listed, the numbers in parentheses indicate the number of resources of the given type used by the specific entity alone. The numbers listed outside of parentheses indicate the total resources of the given type used by the specific entity and all of its sub-entities in the hierarchy.


+--------------------------------------------------------------------------------------+
; Registers Removed During Synthesis                                                   ;
+----------------------------------------+---------------------------------------------+
; Register name                          ; Reason for Removal                          ;
+----------------------------------------+---------------------------------------------+
; BraRV32:cpu|PC[0]                      ; Stuck at GND due to stuck port data_in      ;
; BraRV32:cpu|registerFile[0][31]        ; Stuck at GND due to stuck port clock_enable ;
; BraRV32:cpu|registerFile[0][30]        ; Stuck at GND due to stuck port clock_enable ;
; BraRV32:cpu|registerFile[0][29]        ; Stuck at GND due to stuck port clock_enable ;
; BraRV32:cpu|registerFile[0][28]        ; Stuck at GND due to stuck port clock_enable ;
; BraRV32:cpu|registerFile[0][27]        ; Stuck at GND due to stuck port clock_enable ;
; BraRV32:cpu|registerFile[0][26]        ; Stuck at GND due to stuck port clock_enable ;
; BraRV32:cpu|registerFile[0][25]        ; Stuck at GND due to stuck port clock_enable ;
; BraRV32:cpu|registerFile[0][24]        ; Stuck at GND due to stuck port clock_enable ;
; BraRV32:cpu|registerFile[0][23]        ; Stuck at GND due to stuck port clock_enable ;
; BraRV32:cpu|registerFile[0][22]        ; Stuck at GND due to stuck port clock_enable ;
; BraRV32:cpu|registerFile[0][21]        ; Stuck at GND due to stuck port clock_enable ;
; BraRV32:cpu|registerFile[0][20]        ; Stuck at GND due to stuck port clock_enable ;
; BraRV32:cpu|registerFile[0][19]        ; Stuck at GND due to stuck port clock_enable ;
; BraRV32:cpu|registerFile[0][18]        ; Stuck at GND due to stuck port clock_enable ;
; BraRV32:cpu|registerFile[0][17]        ; Stuck at GND due to stuck port clock_enable ;
; BraRV32:cpu|registerFile[0][16]        ; Stuck at GND due to stuck port clock_enable ;
; BraRV32:cpu|registerFile[0][15]        ; Stuck at GND due to stuck port clock_enable ;
; BraRV32:cpu|registerFile[0][14]        ; Stuck at GND due to stuck port clock_enable ;
; BraRV32:cpu|registerFile[0][13]        ; Stuck at GND due to stuck port clock_enable ;
; BraRV32:cpu|registerFile[0][12]        ; Stuck at GND due to stuck port clock_enable ;
; BraRV32:cpu|registerFile[0][11]        ; Stuck at GND due to stuck port clock_enable ;
; BraRV32:cpu|registerFile[0][10]        ; Stuck at GND due to stuck port clock_enable ;
; BraRV32:cpu|registerFile[0][9]         ; Stuck at GND due to stuck port clock_enable ;
; BraRV32:cpu|registerFile[0][8]         ; Stuck at GND due to stuck port clock_enable ;
; BraRV32:cpu|registerFile[0][7]         ; Stuck at GND due to stuck port clock_enable ;
; BraRV32:cpu|registerFile[0][6]         ; Stuck at GND due to stuck port clock_enable ;
; BraRV32:cpu|registerFile[0][5]         ; Stuck at GND due to stuck port clock_enable ;
; BraRV32:cpu|registerFile[0][4]         ; Stuck at GND due to stuck port clock_enable ;
; BraRV32:cpu|registerFile[0][3]         ; Stuck at GND due to stuck port clock_enable ;
; BraRV32:cpu|registerFile[0][2]         ; Stuck at GND due to stuck port clock_enable ;
; BraRV32:cpu|registerFile[0][1]         ; Stuck at GND due to stuck port clock_enable ;
; BraRV32:cpu|registerFile[0][0]         ; Stuck at GND due to stuck port clock_enable ;
; Total Number of Removed Registers = 33 ;                                             ;
+----------------------------------------+---------------------------------------------+


+-------------------------------------------------------------------------------------------------------------------+
; Removed Registers Triggering Further Register Optimizations                                                       ;
+-------------------+---------------------------+-------------------------------------------------------------------+
; Register name     ; Reason for Removal        ; Registers Removed due to This Register                            ;
+-------------------+---------------------------+-------------------------------------------------------------------+
; BraRV32:cpu|PC[0] ; Stuck at GND              ; BraRV32:cpu|registerFile[0][23], BraRV32:cpu|registerFile[0][22], ;
;                   ; due to stuck port data_in ; BraRV32:cpu|registerFile[0][21], BraRV32:cpu|registerFile[0][20], ;
;                   ;                           ; BraRV32:cpu|registerFile[0][19], BraRV32:cpu|registerFile[0][0]   ;
+-------------------+---------------------------+-------------------------------------------------------------------+


+------------------------------------------------------+
; General Register Statistics                          ;
+----------------------------------------------+-------+
; Statistic                                    ; Value ;
+----------------------------------------------+-------+
; Total registers                              ; 17598 ;
; Number of registers using Synchronous Clear  ; 26    ;
; Number of registers using Synchronous Load   ; 55    ;
; Number of registers using Asynchronous Clear ; 0     ;
; Number of registers using Asynchronous Load  ; 0     ;
; Number of registers using Clock Enable       ; 17555 ;
; Number of registers using Preset             ; 0     ;
+----------------------------------------------+-------+


+-----------------------------------------------------+
; Inverted Register Statistics                        ;
+-------------------------------------------+---------+
; Inverted Register                         ; Fan out ;
+-------------------------------------------+---------+
; BraRV32:cpu|registerFile[2][11]           ; 2       ;
; MemoryRV32_synthesis:mem|memory[27][16]   ; 1       ;
; MemoryRV32_synthesis:mem|memory[19][16]   ; 1       ;
; MemoryRV32_synthesis:mem|memory[25][16]   ; 1       ;
; MemoryRV32_synthesis:mem|memory[22][16]   ; 1       ;
; MemoryRV32_synthesis:mem|memory[20][16]   ; 1       ;
; MemoryRV32_synthesis:mem|memory[26][16]   ; 1       ;
; MemoryRV32_synthesis:mem|memory[18][16]   ; 1       ;
; MemoryRV32_synthesis:mem|memory[24][16]   ; 1       ;
; MemoryRV32_synthesis:mem|memory[23][16]   ; 1       ;
; MemoryRV32_synthesis:mem|memory[15][16]   ; 1       ;
; MemoryRV32_synthesis:mem|memory[10][16]   ; 1       ;
; MemoryRV32_synthesis:mem|memory[11][16]   ; 1       ;
; MemoryRV32_synthesis:mem|memory[12][16]   ; 1       ;
; MemoryRV32_synthesis:mem|memory[26][0]    ; 1       ;
; MemoryRV32_synthesis:mem|memory[28][0]    ; 1       ;
; MemoryRV32_synthesis:mem|memory[24][0]    ; 1       ;
; MemoryRV32_synthesis:mem|memory[21][0]    ; 1       ;
; MemoryRV32_synthesis:mem|memory[19][0]    ; 1       ;
; MemoryRV32_synthesis:mem|memory[17][0]    ; 1       ;
; MemoryRV32_synthesis:mem|memory[23][0]    ; 1       ;
; MemoryRV32_synthesis:mem|memory[18][0]    ; 1       ;
; MemoryRV32_synthesis:mem|memory[20][0]    ; 1       ;
; MemoryRV32_synthesis:mem|memory[16][0]    ; 1       ;
; MemoryRV32_synthesis:mem|memory[22][0]    ; 1       ;
; MemoryRV32_synthesis:mem|memory[27][0]    ; 1       ;
; MemoryRV32_synthesis:mem|memory[25][0]    ; 1       ;
; MemoryRV32_synthesis:mem|memory[1][0]     ; 1       ;
; MemoryRV32_synthesis:mem|memory[10][0]    ; 1       ;
; MemoryRV32_synthesis:mem|memory[12][0]    ; 1       ;
; MemoryRV32_synthesis:mem|memory[14][0]    ; 1       ;
; MemoryRV32_synthesis:mem|memory[2][0]     ; 1       ;
; MemoryRV32_synthesis:mem|memory[0][0]     ; 1       ;
; MemoryRV32_synthesis:mem|memory[13][0]    ; 1       ;
; MemoryRV32_synthesis:mem|memory[11][0]    ; 1       ;
; MemoryRV32_synthesis:mem|memory[15][0]    ; 1       ;
; MemoryRV32_synthesis:mem|memory[21][24]   ; 1       ;
; MemoryRV32_synthesis:mem|memory[19][24]   ; 1       ;
; MemoryRV32_synthesis:mem|memory[17][24]   ; 1       ;
; MemoryRV32_synthesis:mem|memory[10][24]   ; 1       ;
; MemoryRV32_synthesis:mem|memory[0][24]    ; 1       ;
; MemoryRV32_synthesis:mem|memory[10][8]    ; 1       ;
; MemoryRV32_synthesis:mem|memory[24][8]    ; 1       ;
; MemoryRV32_synthesis:mem|memory[15][8]    ; 1       ;
; MemoryRV32_synthesis:mem|memory[13][8]    ; 1       ;
; MemoryRV32_synthesis:mem|memory[27][8]    ; 1       ;
; MemoryRV32_synthesis:mem|memory[19][17]   ; 1       ;
; MemoryRV32_synthesis:mem|memory[17][17]   ; 1       ;
; MemoryRV32_synthesis:mem|memory[16][17]   ; 1       ;
; MemoryRV32_synthesis:mem|memory[23][17]   ; 1       ;
; MemoryRV32_synthesis:mem|memory[21][17]   ; 1       ;
; MemoryRV32_synthesis:mem|memory[14][17]   ; 1       ;
; MemoryRV32_synthesis:mem|memory[22][1]    ; 1       ;
; MemoryRV32_synthesis:mem|memory[26][1]    ; 1       ;
; MemoryRV32_synthesis:mem|memory[10][1]    ; 1       ;
; MemoryRV32_synthesis:mem|memory[18][1]    ; 1       ;
; MemoryRV32_synthesis:mem|memory[2][1]     ; 1       ;
; MemoryRV32_synthesis:mem|memory[14][1]    ; 1       ;
; MemoryRV32_synthesis:mem|memory[13][1]    ; 1       ;
; MemoryRV32_synthesis:mem|memory[21][1]    ; 1       ;
; MemoryRV32_synthesis:mem|memory[17][1]    ; 1       ;
; MemoryRV32_synthesis:mem|memory[1][1]     ; 1       ;
; MemoryRV32_synthesis:mem|memory[25][1]    ; 1       ;
; MemoryRV32_synthesis:mem|memory[20][1]    ; 1       ;
; MemoryRV32_synthesis:mem|memory[16][1]    ; 1       ;
; MemoryRV32_synthesis:mem|memory[12][1]    ; 1       ;
; MemoryRV32_synthesis:mem|memory[0][1]     ; 1       ;
; MemoryRV32_synthesis:mem|memory[28][1]    ; 1       ;
; MemoryRV32_synthesis:mem|memory[24][1]    ; 1       ;
; MemoryRV32_synthesis:mem|memory[15][1]    ; 1       ;
; MemoryRV32_synthesis:mem|memory[11][1]    ; 1       ;
; MemoryRV32_synthesis:mem|memory[23][1]    ; 1       ;
; MemoryRV32_synthesis:mem|memory[19][1]    ; 1       ;
; MemoryRV32_synthesis:mem|memory[27][1]    ; 1       ;
; MemoryRV32_synthesis:mem|memory[14][25]   ; 1       ;
; MemoryRV32_synthesis:mem|memory[10][25]   ; 1       ;
; MemoryRV32_synthesis:mem|memory[16][25]   ; 1       ;
; MemoryRV32_synthesis:mem|memory[1][25]    ; 1       ;
; MemoryRV32_synthesis:mem|memory[21][25]   ; 1       ;
; MemoryRV32_synthesis:mem|memory[17][25]   ; 1       ;
; MemoryRV32_synthesis:mem|memory[21][9]    ; 1       ;
; MemoryRV32_synthesis:mem|memory[17][9]    ; 1       ;
; MemoryRV32_synthesis:mem|memory[14][9]    ; 1       ;
; MemoryRV32_synthesis:mem|memory[12][9]    ; 1       ;
; MemoryRV32_synthesis:mem|memory[16][9]    ; 1       ;
; MemoryRV32_synthesis:mem|memory[0][9]     ; 1       ;
; MemoryRV32_synthesis:mem|memory[20][9]    ; 1       ;
; MemoryRV32_synthesis:mem|memory[22][18]   ; 1       ;
; MemoryRV32_synthesis:mem|memory[23][18]   ; 1       ;
; MemoryRV32_synthesis:mem|memory[21][18]   ; 1       ;
; MemoryRV32_synthesis:mem|memory[15][18]   ; 1       ;
; MemoryRV32_synthesis:mem|memory[14][18]   ; 1       ;
; MemoryRV32_synthesis:mem|memory[19][18]   ; 1       ;
; MemoryRV32_synthesis:mem|memory[24][18]   ; 1       ;
; MemoryRV32_synthesis:mem|memory[16][18]   ; 1       ;
; MemoryRV32_synthesis:mem|memory[17][18]   ; 1       ;
; MemoryRV32_synthesis:mem|memory[28][2]    ; 1       ;
; MemoryRV32_synthesis:mem|memory[23][2]    ; 1       ;
; MemoryRV32_synthesis:mem|memory[19][2]    ; 1       ;
; MemoryRV32_synthesis:mem|memory[2][2]     ; 1       ;
; Total number of inverted registers = 225* ;         ;
+-------------------------------------------+---------+
* Table truncated at 100 items. To change the number of inverted registers reported, set the "Number of Inverted Registers Reported" option under Assignments->Settings->Analysis and Synthesis Settings->More Settings


+------------------------------------------------------------------------------------------------------------------------------------------------------------------+
; Multiplexer Restructuring Statistics (Restructuring Performed)                                                                                                   ;
+--------------------+-----------+---------------+----------------------+------------------------+------------+----------------------------------------------------+
; Multiplexer Inputs ; Bus Width ; Baseline Area ; Area if Restructured ; Saving if Restructured ; Registered ; Example Multiplexer Output                         ;
+--------------------+-----------+---------------+----------------------+------------------------+------------+----------------------------------------------------+
; 4:1                ; 5 bits    ; 10 LEs        ; 5 LEs                ; 5 LEs                  ; Yes        ; |top_BraRV32|BraRV32:cpu|aluShamt[4]               ;
; 5:1                ; 31 bits   ; 93 LEs        ; 62 LEs               ; 31 LEs                 ; Yes        ; |top_BraRV32|BraRV32:cpu|aluReg[3]                 ;
; 5:1                ; 22 bits   ; 66 LEs        ; 44 LEs               ; 22 LEs                 ; Yes        ; |top_BraRV32|BraRV32:cpu|PC[3]                     ;
; 32:1               ; 32 bits   ; 672 LEs       ; 672 LEs              ; 0 LEs                  ; Yes        ; |top_BraRV32|BraRV32:cpu|rs2[29]                   ;
; 32:1               ; 32 bits   ; 672 LEs       ; 672 LEs              ; 0 LEs                  ; Yes        ; |top_BraRV32|BraRV32:cpu|rs1[25]                   ;
; 512:1              ; 32 bits   ; 10912 LEs     ; 10912 LEs            ; 0 LEs                  ; Yes        ; |top_BraRV32|MemoryRV32_synthesis:mem|mem_rdata[0] ;
; 3:1                ; 6 bits    ; 12 LEs        ; 6 LEs                ; 6 LEs                  ; No         ; |top_BraRV32|BraRV32:cpu|PCplusImm                 ;
; 3:1                ; 5 bits    ; 10 LEs        ; 10 LEs               ; 0 LEs                  ; No         ; |top_BraRV32|BraRV32:cpu|PCplusImm                 ;
; 3:1                ; 4 bits    ; 8 LEs         ; 4 LEs                ; 4 LEs                  ; No         ; |top_BraRV32|BraRV32:cpu|PCplusImm                 ;
; 3:1                ; 8 bits    ; 16 LEs        ; 8 LEs                ; 8 LEs                  ; No         ; |top_BraRV32|BraRV32:cpu|PCplusImm                 ;
; 3:1                ; 32 bits   ; 64 LEs        ; 64 LEs               ; 0 LEs                  ; No         ; |top_BraRV32|BraRV32:cpu|aluOut                    ;
; 3:1                ; 16 bits   ; 32 LEs        ; 32 LEs               ; 0 LEs                  ; No         ; |top_BraRV32|BraRV32:cpu|writeBackData             ;
; 3:1                ; 2 bits    ; 4 LEs         ; 4 LEs                ; 0 LEs                  ; No         ; |top_BraRV32|BraRV32:cpu|STORE_wmask[3]            ;
; 3:1                ; 2 bits    ; 4 LEs         ; 4 LEs                ; 0 LEs                  ; No         ; |top_BraRV32|BraRV32:cpu|STORE_wmask[0]            ;
; 3:1                ; 8 bits    ; 16 LEs        ; 16 LEs               ; 0 LEs                  ; No         ; |top_BraRV32|BraRV32:cpu|mem_wdata[28]             ;
; 4:1                ; 9 bits    ; 18 LEs        ; 18 LEs               ; 0 LEs                  ; No         ; |top_BraRV32|BraRV32:cpu|writeBackData             ;
; 5:1                ; 7 bits    ; 21 LEs        ; 14 LEs               ; 7 LEs                  ; No         ; |top_BraRV32|BraRV32:cpu|writeBackData             ;
+--------------------+-----------+---------------+----------------------+------------------------+------------+----------------------------------------------------+


+---------------------------------------------------------------------+
; Parameter Settings for User Entity Instance: BraRV32:cpu            ;
+----------------+----------------------------------+-----------------+
; Parameter Name ; Value                            ; Type            ;
+----------------+----------------------------------+-----------------+
; RESET_ADDR     ; 00000000000000000000000000000000 ; Unsigned Binary ;
; ADDR_WIDTH     ; 24                               ; Signed Integer  ;
+----------------+----------------------------------+-----------------+
Note: In order to hide this table in the UI and the text report file, please set the "Show Parameter Settings in Synthesis Report" option in "Analysis and Synthesis Settings -> More Settings" to "Off".


+-----------------------------------------------------------------------+
; Parameter Settings for User Entity Instance: MemoryRV32_synthesis:mem ;
+----------------+-------+----------------------------------------------+
; Parameter Name ; Value ; Type                                         ;
+----------------+-------+----------------------------------------------+
; MEM_WORDS      ; 512   ; Signed Integer                               ;
+----------------+-------+----------------------------------------------+
Note: In order to hide this table in the UI and the text report file, please set the "Show Parameter Settings in Synthesis Report" option in "Analysis and Synthesis Settings -> More Settings" to "Off".


+-------------------------------------------------------------+
; Parameter Settings for User Entity Instance: PrintDigits:pd ;
+----------------+-------+------------------------------------+
; Parameter Name ; Value ; Type                               ;
+----------------+-------+------------------------------------+
; MAX_DIGITS     ; 8     ; Signed Integer                     ;
+----------------+-------+------------------------------------+
Note: In order to hide this table in the UI and the text report file, please set the "Show Parameter Settings in Synthesis Report" option in "Analysis and Synthesis Settings -> More Settings" to "Off".


+----------------------------------------------------------------------+
; Parameter Settings for User Entity Instance: hex_7seg_decoder:digit0 ;
+----------------------+-------+---------------------------------------+
; Parameter Name       ; Value ; Type                                  ;
+----------------------+-------+---------------------------------------+
; COMMON_ANODE_CATHODE ; 0     ; Signed Integer                        ;
+----------------------+-------+---------------------------------------+
Note: In order to hide this table in the UI and the text report file, please set the "Show Parameter Settings in Synthesis Report" option in "Analysis and Synthesis Settings -> More Settings" to "Off".


+----------------------------------------------------------------------+
; Parameter Settings for User Entity Instance: hex_7seg_decoder:digit1 ;
+----------------------+-------+---------------------------------------+
; Parameter Name       ; Value ; Type                                  ;
+----------------------+-------+---------------------------------------+
; COMMON_ANODE_CATHODE ; 0     ; Signed Integer                        ;
+----------------------+-------+---------------------------------------+
Note: In order to hide this table in the UI and the text report file, please set the "Show Parameter Settings in Synthesis Report" option in "Analysis and Synthesis Settings -> More Settings" to "Off".


+----------------------------------------------------------------------+
; Parameter Settings for User Entity Instance: hex_7seg_decoder:digit2 ;
+----------------------+-------+---------------------------------------+
; Parameter Name       ; Value ; Type                                  ;
+----------------------+-------+---------------------------------------+
; COMMON_ANODE_CATHODE ; 0     ; Signed Integer                        ;
+----------------------+-------+---------------------------------------+
Note: In order to hide this table in the UI and the text report file, please set the "Show Parameter Settings in Synthesis Report" option in "Analysis and Synthesis Settings -> More Settings" to "Off".


+----------------------------------------------------------------------+
; Parameter Settings for User Entity Instance: hex_7seg_decoder:digit3 ;
+----------------------+-------+---------------------------------------+
; Parameter Name       ; Value ; Type                                  ;
+----------------------+-------+---------------------------------------+
; COMMON_ANODE_CATHODE ; 0     ; Signed Integer                        ;
+----------------------+-------+---------------------------------------+
Note: In order to hide this table in the UI and the text report file, please set the "Show Parameter Settings in Synthesis Report" option in "Analysis and Synthesis Settings -> More Settings" to "Off".


+----------------------------------------------------------------------+
; Parameter Settings for User Entity Instance: hex_7seg_decoder:digit4 ;
+----------------------+-------+---------------------------------------+
; Parameter Name       ; Value ; Type                                  ;
+----------------------+-------+---------------------------------------+
; COMMON_ANODE_CATHODE ; 0     ; Signed Integer                        ;
+----------------------+-------+---------------------------------------+
Note: In order to hide this table in the UI and the text report file, please set the "Show Parameter Settings in Synthesis Report" option in "Analysis and Synthesis Settings -> More Settings" to "Off".


+----------------------------------------------------------------------+
; Parameter Settings for User Entity Instance: hex_7seg_decoder:digit5 ;
+----------------------+-------+---------------------------------------+
; Parameter Name       ; Value ; Type                                  ;
+----------------------+-------+---------------------------------------+
; COMMON_ANODE_CATHODE ; 0     ; Signed Integer                        ;
+----------------------+-------+---------------------------------------+
Note: In order to hide this table in the UI and the text report file, please set the "Show Parameter Settings in Synthesis Report" option in "Analysis and Synthesis Settings -> More Settings" to "Off".


+----------------------------------------------------------------------+
; Parameter Settings for User Entity Instance: hex_7seg_decoder:digit6 ;
+----------------------+-------+---------------------------------------+
; Parameter Name       ; Value ; Type                                  ;
+----------------------+-------+---------------------------------------+
; COMMON_ANODE_CATHODE ; 0     ; Signed Integer                        ;
+----------------------+-------+---------------------------------------+
Note: In order to hide this table in the UI and the text report file, please set the "Show Parameter Settings in Synthesis Report" option in "Analysis and Synthesis Settings -> More Settings" to "Off".


+----------------------------------------------------------------------+
; Parameter Settings for User Entity Instance: hex_7seg_decoder:digit7 ;
+----------------------+-------+---------------------------------------+
; Parameter Name       ; Value ; Type                                  ;
+----------------------+-------+---------------------------------------+
; COMMON_ANODE_CATHODE ; 0     ; Signed Integer                        ;
+----------------------+-------+---------------------------------------+
Note: In order to hide this table in the UI and the text report file, please set the "Show Parameter Settings in Synthesis Report" option in "Analysis and Synthesis Settings -> More Settings" to "Off".


+---------------------------------------------------------------------------------+
; Parameter Settings for Inferred Entity Instance: PrintDigits:pd|lpm_divide:Mod0 ;
+------------------------+----------------+---------------------------------------+
; Parameter Name         ; Value          ; Type                                  ;
+------------------------+----------------+---------------------------------------+
; LPM_WIDTHN             ; 16             ; Untyped                               ;
; LPM_WIDTHD             ; 4              ; Untyped                               ;
; LPM_NREPRESENTATION    ; UNSIGNED       ; Untyped                               ;
; LPM_DREPRESENTATION    ; UNSIGNED       ; Untyped                               ;
; LPM_PIPELINE           ; 0              ; Untyped                               ;
; LPM_REMAINDERPOSITIVE  ; TRUE           ; Untyped                               ;
; MAXIMIZE_SPEED         ; 5              ; Untyped                               ;
; CBXI_PARAMETER         ; lpm_divide_j6m ; Untyped                               ;
; CARRY_CHAIN            ; MANUAL         ; Untyped                               ;
; OPTIMIZE_FOR_SPEED     ; 5              ; Untyped                               ;
; AUTO_CARRY_CHAINS      ; ON             ; AUTO_CARRY                            ;
; IGNORE_CARRY_BUFFERS   ; OFF            ; IGNORE_CARRY                          ;
; AUTO_CASCADE_CHAINS    ; ON             ; AUTO_CASCADE                          ;
; IGNORE_CASCADE_BUFFERS ; OFF            ; IGNORE_CASCADE                        ;
+------------------------+----------------+---------------------------------------+
Note: In order to hide this table in the UI and the text report file, please set the "Show Parameter Settings in Synthesis Report" option in "Analysis and Synthesis Settings -> More Settings" to "Off".


+---------------------------------------------------------------------------------+
; Parameter Settings for Inferred Entity Instance: PrintDigits:pd|lpm_divide:Div0 ;
+------------------------+----------------+---------------------------------------+
; Parameter Name         ; Value          ; Type                                  ;
+------------------------+----------------+---------------------------------------+
; LPM_WIDTHN             ; 16             ; Untyped                               ;
; LPM_WIDTHD             ; 4              ; Untyped                               ;
; LPM_NREPRESENTATION    ; UNSIGNED       ; Untyped                               ;
; LPM_DREPRESENTATION    ; UNSIGNED       ; Untyped                               ;
; LPM_PIPELINE           ; 0              ; Untyped                               ;
; LPM_REMAINDERPOSITIVE  ; TRUE           ; Untyped                               ;
; MAXIMIZE_SPEED         ; 5              ; Untyped                               ;
; CBXI_PARAMETER         ; lpm_divide_gem ; Untyped                               ;
; CARRY_CHAIN            ; MANUAL         ; Untyped                               ;
; OPTIMIZE_FOR_SPEED     ; 5              ; Untyped                               ;
; AUTO_CARRY_CHAINS      ; ON             ; AUTO_CARRY                            ;
; IGNORE_CARRY_BUFFERS   ; OFF            ; IGNORE_CARRY                          ;
; AUTO_CASCADE_CHAINS    ; ON             ; AUTO_CASCADE                          ;
; IGNORE_CASCADE_BUFFERS ; OFF            ; IGNORE_CASCADE                        ;
+------------------------+----------------+---------------------------------------+
Note: In order to hide this table in the UI and the text report file, please set the "Show Parameter Settings in Synthesis Report" option in "Analysis and Synthesis Settings -> More Settings" to "Off".


+---------------------------------------------------------------------------------+
; Parameter Settings for Inferred Entity Instance: PrintDigits:pd|lpm_divide:Mod1 ;
+------------------------+----------------+---------------------------------------+
; Parameter Name         ; Value          ; Type                                  ;
+------------------------+----------------+---------------------------------------+
; LPM_WIDTHN             ; 16             ; Untyped                               ;
; LPM_WIDTHD             ; 4              ; Untyped                               ;
; LPM_NREPRESENTATION    ; UNSIGNED       ; Untyped                               ;
; LPM_DREPRESENTATION    ; UNSIGNED       ; Untyped                               ;
; LPM_PIPELINE           ; 0              ; Untyped                               ;
; LPM_REMAINDERPOSITIVE  ; TRUE           ; Untyped                               ;
; MAXIMIZE_SPEED         ; 5              ; Untyped                               ;
; CBXI_PARAMETER         ; lpm_divide_j6m ; Untyped                               ;
; CARRY_CHAIN            ; MANUAL         ; Untyped                               ;
; OPTIMIZE_FOR_SPEED     ; 5              ; Untyped                               ;
; AUTO_CARRY_CHAINS      ; ON             ; AUTO_CARRY                            ;
; IGNORE_CARRY_BUFFERS   ; OFF            ; IGNORE_CARRY                          ;
; AUTO_CASCADE_CHAINS    ; ON             ; AUTO_CASCADE                          ;
; IGNORE_CASCADE_BUFFERS ; OFF            ; IGNORE_CASCADE                        ;
+------------------------+----------------+---------------------------------------+
Note: In order to hide this table in the UI and the text report file, please set the "Show Parameter Settings in Synthesis Report" option in "Analysis and Synthesis Settings -> More Settings" to "Off".


+---------------------------------------------------------------------------------+
; Parameter Settings for Inferred Entity Instance: PrintDigits:pd|lpm_divide:Div1 ;
+------------------------+----------------+---------------------------------------+
; Parameter Name         ; Value          ; Type                                  ;
+------------------------+----------------+---------------------------------------+
; LPM_WIDTHN             ; 16             ; Untyped                               ;
; LPM_WIDTHD             ; 4              ; Untyped                               ;
; LPM_NREPRESENTATION    ; UNSIGNED       ; Untyped                               ;
; LPM_DREPRESENTATION    ; UNSIGNED       ; Untyped                               ;
; LPM_PIPELINE           ; 0              ; Untyped                               ;
; LPM_REMAINDERPOSITIVE  ; TRUE           ; Untyped                               ;
; MAXIMIZE_SPEED         ; 5              ; Untyped                               ;
; CBXI_PARAMETER         ; lpm_divide_gem ; Untyped                               ;
; CARRY_CHAIN            ; MANUAL         ; Untyped                               ;
; OPTIMIZE_FOR_SPEED     ; 5              ; Untyped                               ;
; AUTO_CARRY_CHAINS      ; ON             ; AUTO_CARRY                            ;
; IGNORE_CARRY_BUFFERS   ; OFF            ; IGNORE_CARRY                          ;
; AUTO_CASCADE_CHAINS    ; ON             ; AUTO_CASCADE                          ;
; IGNORE_CASCADE_BUFFERS ; OFF            ; IGNORE_CASCADE                        ;
+------------------------+----------------+---------------------------------------+
Note: In order to hide this table in the UI and the text report file, please set the "Show Parameter Settings in Synthesis Report" option in "Analysis and Synthesis Settings -> More Settings" to "Off".


+---------------------------------------------------------------------------------+
; Parameter Settings for Inferred Entity Instance: PrintDigits:pd|lpm_divide:Mod2 ;
+------------------------+----------------+---------------------------------------+
; Parameter Name         ; Value          ; Type                                  ;
+------------------------+----------------+---------------------------------------+
; LPM_WIDTHN             ; 16             ; Untyped                               ;
; LPM_WIDTHD             ; 4              ; Untyped                               ;
; LPM_NREPRESENTATION    ; UNSIGNED       ; Untyped                               ;
; LPM_DREPRESENTATION    ; UNSIGNED       ; Untyped                               ;
; LPM_PIPELINE           ; 0              ; Untyped                               ;
; LPM_REMAINDERPOSITIVE  ; TRUE           ; Untyped                               ;
; MAXIMIZE_SPEED         ; 5              ; Untyped                               ;
; CBXI_PARAMETER         ; lpm_divide_j6m ; Untyped                               ;
; CARRY_CHAIN            ; MANUAL         ; Untyped                               ;
; OPTIMIZE_FOR_SPEED     ; 5              ; Untyped                               ;
; AUTO_CARRY_CHAINS      ; ON             ; AUTO_CARRY                            ;
; IGNORE_CARRY_BUFFERS   ; OFF            ; IGNORE_CARRY                          ;
; AUTO_CASCADE_CHAINS    ; ON             ; AUTO_CASCADE                          ;
; IGNORE_CASCADE_BUFFERS ; OFF            ; IGNORE_CASCADE                        ;
+------------------------+----------------+---------------------------------------+
Note: In order to hide this table in the UI and the text report file, please set the "Show Parameter Settings in Synthesis Report" option in "Analysis and Synthesis Settings -> More Settings" to "Off".


+---------------------------------------------------------------------------------+
; Parameter Settings for Inferred Entity Instance: PrintDigits:pd|lpm_divide:Div2 ;
+------------------------+----------------+---------------------------------------+
; Parameter Name         ; Value          ; Type                                  ;
+------------------------+----------------+---------------------------------------+
; LPM_WIDTHN             ; 16             ; Untyped                               ;
; LPM_WIDTHD             ; 4              ; Untyped                               ;
; LPM_NREPRESENTATION    ; UNSIGNED       ; Untyped                               ;
; LPM_DREPRESENTATION    ; UNSIGNED       ; Untyped                               ;
; LPM_PIPELINE           ; 0              ; Untyped                               ;
; LPM_REMAINDERPOSITIVE  ; TRUE           ; Untyped                               ;
; MAXIMIZE_SPEED         ; 5              ; Untyped                               ;
; CBXI_PARAMETER         ; lpm_divide_gem ; Untyped                               ;
; CARRY_CHAIN            ; MANUAL         ; Untyped                               ;
; OPTIMIZE_FOR_SPEED     ; 5              ; Untyped                               ;
; AUTO_CARRY_CHAINS      ; ON             ; AUTO_CARRY                            ;
; IGNORE_CARRY_BUFFERS   ; OFF            ; IGNORE_CARRY                          ;
; AUTO_CASCADE_CHAINS    ; ON             ; AUTO_CASCADE                          ;
; IGNORE_CASCADE_BUFFERS ; OFF            ; IGNORE_CASCADE                        ;
+------------------------+----------------+---------------------------------------+
Note: In order to hide this table in the UI and the text report file, please set the "Show Parameter Settings in Synthesis Report" option in "Analysis and Synthesis Settings -> More Settings" to "Off".


+---------------------------------------------------------------------------------+
; Parameter Settings for Inferred Entity Instance: PrintDigits:pd|lpm_divide:Mod3 ;
+------------------------+----------------+---------------------------------------+
; Parameter Name         ; Value          ; Type                                  ;
+------------------------+----------------+---------------------------------------+
; LPM_WIDTHN             ; 16             ; Untyped                               ;
; LPM_WIDTHD             ; 4              ; Untyped                               ;
; LPM_NREPRESENTATION    ; UNSIGNED       ; Untyped                               ;
; LPM_DREPRESENTATION    ; UNSIGNED       ; Untyped                               ;
; LPM_PIPELINE           ; 0              ; Untyped                               ;
; LPM_REMAINDERPOSITIVE  ; TRUE           ; Untyped                               ;
; MAXIMIZE_SPEED         ; 5              ; Untyped                               ;
; CBXI_PARAMETER         ; lpm_divide_j6m ; Untyped                               ;
; CARRY_CHAIN            ; MANUAL         ; Untyped                               ;
; OPTIMIZE_FOR_SPEED     ; 5              ; Untyped                               ;
; AUTO_CARRY_CHAINS      ; ON             ; AUTO_CARRY                            ;
; IGNORE_CARRY_BUFFERS   ; OFF            ; IGNORE_CARRY                          ;
; AUTO_CASCADE_CHAINS    ; ON             ; AUTO_CASCADE                          ;
; IGNORE_CASCADE_BUFFERS ; OFF            ; IGNORE_CASCADE                        ;
+------------------------+----------------+---------------------------------------+
Note: In order to hide this table in the UI and the text report file, please set the "Show Parameter Settings in Synthesis Report" option in "Analysis and Synthesis Settings -> More Settings" to "Off".


+---------------------------------------------------------------------------------+
; Parameter Settings for Inferred Entity Instance: PrintDigits:pd|lpm_divide:Div3 ;
+------------------------+----------------+---------------------------------------+
; Parameter Name         ; Value          ; Type                                  ;
+------------------------+----------------+---------------------------------------+
; LPM_WIDTHN             ; 16             ; Untyped                               ;
; LPM_WIDTHD             ; 4              ; Untyped                               ;
; LPM_NREPRESENTATION    ; UNSIGNED       ; Untyped                               ;
; LPM_DREPRESENTATION    ; UNSIGNED       ; Untyped                               ;
; LPM_PIPELINE           ; 0              ; Untyped                               ;
; LPM_REMAINDERPOSITIVE  ; TRUE           ; Untyped                               ;
; MAXIMIZE_SPEED         ; 5              ; Untyped                               ;
; CBXI_PARAMETER         ; lpm_divide_gem ; Untyped                               ;
; CARRY_CHAIN            ; MANUAL         ; Untyped                               ;
; OPTIMIZE_FOR_SPEED     ; 5              ; Untyped                               ;
; AUTO_CARRY_CHAINS      ; ON             ; AUTO_CARRY                            ;
; IGNORE_CARRY_BUFFERS   ; OFF            ; IGNORE_CARRY                          ;
; AUTO_CASCADE_CHAINS    ; ON             ; AUTO_CASCADE                          ;
; IGNORE_CASCADE_BUFFERS ; OFF            ; IGNORE_CASCADE                        ;
+------------------------+----------------+---------------------------------------+
Note: In order to hide this table in the UI and the text report file, please set the "Show Parameter Settings in Synthesis Report" option in "Analysis and Synthesis Settings -> More Settings" to "Off".


+---------------------------------------------------------------------------------+
; Parameter Settings for Inferred Entity Instance: PrintDigits:pd|lpm_divide:Mod4 ;
+------------------------+----------------+---------------------------------------+
; Parameter Name         ; Value          ; Type                                  ;
+------------------------+----------------+---------------------------------------+
; LPM_WIDTHN             ; 16             ; Untyped                               ;
; LPM_WIDTHD             ; 4              ; Untyped                               ;
; LPM_NREPRESENTATION    ; UNSIGNED       ; Untyped                               ;
; LPM_DREPRESENTATION    ; UNSIGNED       ; Untyped                               ;
; LPM_PIPELINE           ; 0              ; Untyped                               ;
; LPM_REMAINDERPOSITIVE  ; TRUE           ; Untyped                               ;
; MAXIMIZE_SPEED         ; 5              ; Untyped                               ;
; CBXI_PARAMETER         ; lpm_divide_j6m ; Untyped                               ;
; CARRY_CHAIN            ; MANUAL         ; Untyped                               ;
; OPTIMIZE_FOR_SPEED     ; 5              ; Untyped                               ;
; AUTO_CARRY_CHAINS      ; ON             ; AUTO_CARRY                            ;
; IGNORE_CARRY_BUFFERS   ; OFF            ; IGNORE_CARRY                          ;
; AUTO_CASCADE_CHAINS    ; ON             ; AUTO_CASCADE                          ;
; IGNORE_CASCADE_BUFFERS ; OFF            ; IGNORE_CASCADE                        ;
+------------------------+----------------+---------------------------------------+
Note: In order to hide this table in the UI and the text report file, please set the "Show Parameter Settings in Synthesis Report" option in "Analysis and Synthesis Settings -> More Settings" to "Off".


+---------------------------------------------------------------------------------+
; Parameter Settings for Inferred Entity Instance: PrintDigits:pd|lpm_divide:Div4 ;
+------------------------+----------------+---------------------------------------+
; Parameter Name         ; Value          ; Type                                  ;
+------------------------+----------------+---------------------------------------+
; LPM_WIDTHN             ; 16             ; Untyped                               ;
; LPM_WIDTHD             ; 4              ; Untyped                               ;
; LPM_NREPRESENTATION    ; UNSIGNED       ; Untyped                               ;
; LPM_DREPRESENTATION    ; UNSIGNED       ; Untyped                               ;
; LPM_PIPELINE           ; 0              ; Untyped                               ;
; LPM_REMAINDERPOSITIVE  ; TRUE           ; Untyped                               ;
; MAXIMIZE_SPEED         ; 5              ; Untyped                               ;
; CBXI_PARAMETER         ; lpm_divide_gem ; Untyped                               ;
; CARRY_CHAIN            ; MANUAL         ; Untyped                               ;
; OPTIMIZE_FOR_SPEED     ; 5              ; Untyped                               ;
; AUTO_CARRY_CHAINS      ; ON             ; AUTO_CARRY                            ;
; IGNORE_CARRY_BUFFERS   ; OFF            ; IGNORE_CARRY                          ;
; AUTO_CASCADE_CHAINS    ; ON             ; AUTO_CASCADE                          ;
; IGNORE_CASCADE_BUFFERS ; OFF            ; IGNORE_CASCADE                        ;
+------------------------+----------------+---------------------------------------+
Note: In order to hide this table in the UI and the text report file, please set the "Show Parameter Settings in Synthesis Report" option in "Analysis and Synthesis Settings -> More Settings" to "Off".


+---------------------------------------------------------------------------------+
; Parameter Settings for Inferred Entity Instance: PrintDigits:pd|lpm_divide:Mod5 ;
+------------------------+----------------+---------------------------------------+
; Parameter Name         ; Value          ; Type                                  ;
+------------------------+----------------+---------------------------------------+
; LPM_WIDTHN             ; 16             ; Untyped                               ;
; LPM_WIDTHD             ; 4              ; Untyped                               ;
; LPM_NREPRESENTATION    ; UNSIGNED       ; Untyped                               ;
; LPM_DREPRESENTATION    ; UNSIGNED       ; Untyped                               ;
; LPM_PIPELINE           ; 0              ; Untyped                               ;
; LPM_REMAINDERPOSITIVE  ; TRUE           ; Untyped                               ;
; MAXIMIZE_SPEED         ; 5              ; Untyped                               ;
; CBXI_PARAMETER         ; lpm_divide_j6m ; Untyped                               ;
; CARRY_CHAIN            ; MANUAL         ; Untyped                               ;
; OPTIMIZE_FOR_SPEED     ; 5              ; Untyped                               ;
; AUTO_CARRY_CHAINS      ; ON             ; AUTO_CARRY                            ;
; IGNORE_CARRY_BUFFERS   ; OFF            ; IGNORE_CARRY                          ;
; AUTO_CASCADE_CHAINS    ; ON             ; AUTO_CASCADE                          ;
; IGNORE_CASCADE_BUFFERS ; OFF            ; IGNORE_CASCADE                        ;
+------------------------+----------------+---------------------------------------+
Note: In order to hide this table in the UI and the text report file, please set the "Show Parameter Settings in Synthesis Report" option in "Analysis and Synthesis Settings -> More Settings" to "Off".


+---------------------------------------------------------------------------------+
; Parameter Settings for Inferred Entity Instance: PrintDigits:pd|lpm_divide:Div5 ;
+------------------------+----------------+---------------------------------------+
; Parameter Name         ; Value          ; Type                                  ;
+------------------------+----------------+---------------------------------------+
; LPM_WIDTHN             ; 16             ; Untyped                               ;
; LPM_WIDTHD             ; 4              ; Untyped                               ;
; LPM_NREPRESENTATION    ; UNSIGNED       ; Untyped                               ;
; LPM_DREPRESENTATION    ; UNSIGNED       ; Untyped                               ;
; LPM_PIPELINE           ; 0              ; Untyped                               ;
; LPM_REMAINDERPOSITIVE  ; TRUE           ; Untyped                               ;
; MAXIMIZE_SPEED         ; 5              ; Untyped                               ;
; CBXI_PARAMETER         ; lpm_divide_gem ; Untyped                               ;
; CARRY_CHAIN            ; MANUAL         ; Untyped                               ;
; OPTIMIZE_FOR_SPEED     ; 5              ; Untyped                               ;
; AUTO_CARRY_CHAINS      ; ON             ; AUTO_CARRY                            ;
; IGNORE_CARRY_BUFFERS   ; OFF            ; IGNORE_CARRY                          ;
; AUTO_CASCADE_CHAINS    ; ON             ; AUTO_CASCADE                          ;
; IGNORE_CASCADE_BUFFERS ; OFF            ; IGNORE_CASCADE                        ;
+------------------------+----------------+---------------------------------------+
Note: In order to hide this table in the UI and the text report file, please set the "Show Parameter Settings in Synthesis Report" option in "Analysis and Synthesis Settings -> More Settings" to "Off".


+---------------------------------------------------------------------------------+
; Parameter Settings for Inferred Entity Instance: PrintDigits:pd|lpm_divide:Mod6 ;
+------------------------+----------------+---------------------------------------+
; Parameter Name         ; Value          ; Type                                  ;
+------------------------+----------------+---------------------------------------+
; LPM_WIDTHN             ; 16             ; Untyped                               ;
; LPM_WIDTHD             ; 4              ; Untyped                               ;
; LPM_NREPRESENTATION    ; UNSIGNED       ; Untyped                               ;
; LPM_DREPRESENTATION    ; UNSIGNED       ; Untyped                               ;
; LPM_PIPELINE           ; 0              ; Untyped                               ;
; LPM_REMAINDERPOSITIVE  ; TRUE           ; Untyped                               ;
; MAXIMIZE_SPEED         ; 5              ; Untyped                               ;
; CBXI_PARAMETER         ; lpm_divide_j6m ; Untyped                               ;
; CARRY_CHAIN            ; MANUAL         ; Untyped                               ;
; OPTIMIZE_FOR_SPEED     ; 5              ; Untyped                               ;
; AUTO_CARRY_CHAINS      ; ON             ; AUTO_CARRY                            ;
; IGNORE_CARRY_BUFFERS   ; OFF            ; IGNORE_CARRY                          ;
; AUTO_CASCADE_CHAINS    ; ON             ; AUTO_CASCADE                          ;
; IGNORE_CASCADE_BUFFERS ; OFF            ; IGNORE_CASCADE                        ;
+------------------------+----------------+---------------------------------------+
Note: In order to hide this table in the UI and the text report file, please set the "Show Parameter Settings in Synthesis Report" option in "Analysis and Synthesis Settings -> More Settings" to "Off".


+---------------------------------------------------------------------------------+
; Parameter Settings for Inferred Entity Instance: PrintDigits:pd|lpm_divide:Div6 ;
+------------------------+----------------+---------------------------------------+
; Parameter Name         ; Value          ; Type                                  ;
+------------------------+----------------+---------------------------------------+
; LPM_WIDTHN             ; 16             ; Untyped                               ;
; LPM_WIDTHD             ; 4              ; Untyped                               ;
; LPM_NREPRESENTATION    ; UNSIGNED       ; Untyped                               ;
; LPM_DREPRESENTATION    ; UNSIGNED       ; Untyped                               ;
; LPM_PIPELINE           ; 0              ; Untyped                               ;
; LPM_REMAINDERPOSITIVE  ; TRUE           ; Untyped                               ;
; MAXIMIZE_SPEED         ; 5              ; Untyped                               ;
; CBXI_PARAMETER         ; lpm_divide_gem ; Untyped                               ;
; CARRY_CHAIN            ; MANUAL         ; Untyped                               ;
; OPTIMIZE_FOR_SPEED     ; 5              ; Untyped                               ;
; AUTO_CARRY_CHAINS      ; ON             ; AUTO_CARRY                            ;
; IGNORE_CARRY_BUFFERS   ; OFF            ; IGNORE_CARRY                          ;
; AUTO_CASCADE_CHAINS    ; ON             ; AUTO_CASCADE                          ;
; IGNORE_CASCADE_BUFFERS ; OFF            ; IGNORE_CASCADE                        ;
+------------------------+----------------+---------------------------------------+
Note: In order to hide this table in the UI and the text report file, please set the "Show Parameter Settings in Synthesis Report" option in "Analysis and Synthesis Settings -> More Settings" to "Off".


+---------------------------------------------------------------------------------+
; Parameter Settings for Inferred Entity Instance: PrintDigits:pd|lpm_divide:Mod7 ;
+------------------------+----------------+---------------------------------------+
; Parameter Name         ; Value          ; Type                                  ;
+------------------------+----------------+---------------------------------------+
; LPM_WIDTHN             ; 16             ; Untyped                               ;
; LPM_WIDTHD             ; 4              ; Untyped                               ;
; LPM_NREPRESENTATION    ; UNSIGNED       ; Untyped                               ;
; LPM_DREPRESENTATION    ; UNSIGNED       ; Untyped                               ;
; LPM_PIPELINE           ; 0              ; Untyped                               ;
; LPM_REMAINDERPOSITIVE  ; TRUE           ; Untyped                               ;
; MAXIMIZE_SPEED         ; 5              ; Untyped                               ;
; CBXI_PARAMETER         ; lpm_divide_j6m ; Untyped                               ;
; CARRY_CHAIN            ; MANUAL         ; Untyped                               ;
; OPTIMIZE_FOR_SPEED     ; 5              ; Untyped                               ;
; AUTO_CARRY_CHAINS      ; ON             ; AUTO_CARRY                            ;
; IGNORE_CARRY_BUFFERS   ; OFF            ; IGNORE_CARRY                          ;
; AUTO_CASCADE_CHAINS    ; ON             ; AUTO_CASCADE                          ;
; IGNORE_CASCADE_BUFFERS ; OFF            ; IGNORE_CASCADE                        ;
+------------------------+----------------+---------------------------------------+
Note: In order to hide this table in the UI and the text report file, please set the "Show Parameter Settings in Synthesis Report" option in "Analysis and Synthesis Settings -> More Settings" to "Off".


+----------------------------------------------------------------------------------------------------------------------+
; Port Connectivity Checks: "PrintDigits:pd"                                                                           ;
+------------+--------+----------+-------------------------------------------------------------------------------------+
; Port       ; Type   ; Severity ; Details                                                                             ;
+------------+--------+----------+-------------------------------------------------------------------------------------+
; num_digits ; Output ; Info     ; Connected to dangling logic. Logic that only feeds a dangling port will be removed. ;
+------------+--------+----------+-------------------------------------------------------------------------------------+


+---------------------------------------------+
; Port Connectivity Checks: "BraRV32:cpu"     ;
+-----------+-------+----------+--------------+
; Port      ; Type  ; Severity ; Details      ;
+-----------+-------+----------+--------------+
; mem_wbusy ; Input ; Info     ; Stuck at GND ;
+-----------+-------+----------+--------------+


+-------------------------------+
; Elapsed Time Per Partition    ;
+----------------+--------------+
; Partition Name ; Elapsed Time ;
+----------------+--------------+
; Top            ; 00:02:27     ;
+----------------+--------------+


+-------------------------------+
; Analysis & Synthesis Messages ;
+-------------------------------+
Info: *******************************************************************
Info: Running Quartus II 64-Bit Analysis & Synthesis
    Info: Version 13.0.1 Build 232 06/12/2013 Service Pack 1 SJ Web Edition
    Info: Processing started: Tue Jun 03 09:47:28 2025
Info: Command: quartus_map --read_settings_files=on --write_settings_files=off top_BraRV32 -c top_BraRV32
Warning (20028): Parallel compilation is not licensed and has been disabled
Info (12021): Found 1 design units, including 1 entities, in source file brarv32.v
    Info (12023): Found entity 1: BraRV32
Info (12021): Found 1 design units, including 1 entities, in source file printdigits.v
    Info (12023): Found entity 1: PrintDigits
Info (12021): Found 1 design units, including 1 entities, in source file hex_7seg_decoder.v
    Info (12023): Found entity 1: hex_7seg_decoder
Info (12021): Found 1 design units, including 1 entities, in source file memoryrv32_synthesis.v
    Info (12023): Found entity 1: MemoryRV32_synthesis
Info (12021): Found 1 design units, including 1 entities, in source file top_brarv32.v
    Info (12023): Found entity 1: top_BraRV32
Info (12127): Elaborating entity "top_BraRV32" for the top level hierarchy
Warning (10230): Verilog HDL assignment warning at top_brarv32.v(160): truncated value with size 16 to match size of target (10)
Info (12128): Elaborating entity "BraRV32" for hierarchy "BraRV32:cpu"
Warning (10230): Verilog HDL assignment warning at brarv32.v(217): truncated value with size 32 to match size of target (16)
Warning (10230): Verilog HDL assignment warning at brarv32.v(316): truncated value with size 32 to match size of target (5)
Warning (10230): Verilog HDL assignment warning at brarv32.v(350): truncated value with size 32 to match size of target (24)
Warning (10230): Verilog HDL assignment warning at brarv32.v(478): truncated value with size 32 to match size of target (4)
Warning (10230): Verilog HDL assignment warning at brarv32.v(492): truncated value with size 32 to match size of target (4)
Warning (10230): Verilog HDL assignment warning at brarv32.v(503): truncated value with size 32 to match size of target (4)
Warning (10230): Verilog HDL assignment warning at brarv32.v(507): truncated value with size 32 to match size of target (4)
Warning (10230): Verilog HDL assignment warning at brarv32.v(511): truncated value with size 32 to match size of target (4)
Info (12128): Elaborating entity "MemoryRV32_synthesis" for hierarchy "MemoryRV32_synthesis:mem"
Info (12128): Elaborating entity "PrintDigits" for hierarchy "PrintDigits:pd"
Warning (10230): Verilog HDL assignment warning at printdigits.v(18): truncated value with size 32 to match size of target (4)
Warning (10230): Verilog HDL assignment warning at printdigits.v(19): truncated value with size 32 to match size of target (16)
Warning (10230): Verilog HDL assignment warning at printdigits.v(20): truncated value with size 32 to match size of target (4)
Info (12128): Elaborating entity "hex_7seg_decoder" for hierarchy "hex_7seg_decoder:digit0"
Info (278001): Inferred 15 megafunctions from design logic
    Info (278004): Inferred divider/modulo megafunction ("lpm_divide") from the following logic: "PrintDigits:pd|Mod0"
    Info (278004): Inferred divider/modulo megafunction ("lpm_divide") from the following logic: "PrintDigits:pd|Div0"
    Info (278004): Inferred divider/modulo megafunction ("lpm_divide") from the following logic: "PrintDigits:pd|Mod1"
    Info (278004): Inferred divider/modulo megafunction ("lpm_divide") from the following logic: "PrintDigits:pd|Div1"
    Info (278004): Inferred divider/modulo megafunction ("lpm_divide") from the following logic: "PrintDigits:pd|Mod2"
    Info (278004): Inferred divider/modulo megafunction ("lpm_divide") from the following logic: "PrintDigits:pd|Div2"
    Info (278004): Inferred divider/modulo megafunction ("lpm_divide") from the following logic: "PrintDigits:pd|Mod3"
    Info (278004): Inferred divider/modulo megafunction ("lpm_divide") from the following logic: "PrintDigits:pd|Div3"
    Info (278004): Inferred divider/modulo megafunction ("lpm_divide") from the following logic: "PrintDigits:pd|Mod4"
    Info (278004): Inferred divider/modulo megafunction ("lpm_divide") from the following logic: "PrintDigits:pd|Div4"
    Info (278004): Inferred divider/modulo megafunction ("lpm_divide") from the following logic: "PrintDigits:pd|Mod5"
    Info (278004): Inferred divider/modulo megafunction ("lpm_divide") from the following logic: "PrintDigits:pd|Div5"
    Info (278004): Inferred divider/modulo megafunction ("lpm_divide") from the following logic: "PrintDigits:pd|Mod6"
    Info (278004): Inferred divider/modulo megafunction ("lpm_divide") from the following logic: "PrintDigits:pd|Div6"
    Info (278004): Inferred divider/modulo megafunction ("lpm_divide") from the following logic: "PrintDigits:pd|Mod7"
Info (12130): Elaborated megafunction instantiation "PrintDigits:pd|lpm_divide:Mod0"
Info (12133): Instantiated megafunction "PrintDigits:pd|lpm_divide:Mod0" with the following parameter:
    Info (12134): Parameter "LPM_WIDTHN" = "16"
    Info (12134): Parameter "LPM_WIDTHD" = "4"
    Info (12134): Parameter "LPM_NREPRESENTATION" = "UNSIGNED"
    Info (12134): Parameter "LPM_DREPRESENTATION" = "UNSIGNED"
Info (12021): Found 1 design units, including 1 entities, in source file db/lpm_divide_j6m.tdf
    Info (12023): Found entity 1: lpm_divide_j6m
Info (12021): Found 1 design units, including 1 entities, in source file db/sign_div_unsign_qlh.tdf
    Info (12023): Found entity 1: sign_div_unsign_qlh
Info (12021): Found 1 design units, including 1 entities, in source file db/alt_u_div_m2f.tdf
    Info (12023): Found entity 1: alt_u_div_m2f
Info (12021): Found 1 design units, including 1 entities, in source file db/add_sub_lkc.tdf
    Info (12023): Found entity 1: add_sub_lkc
Info (12021): Found 1 design units, including 1 entities, in source file db/add_sub_mkc.tdf
    Info (12023): Found entity 1: add_sub_mkc
Info (12130): Elaborated megafunction instantiation "PrintDigits:pd|lpm_divide:Div0"
Info (12133): Instantiated megafunction "PrintDigits:pd|lpm_divide:Div0" with the following parameter:
    Info (12134): Parameter "LPM_WIDTHN" = "16"
    Info (12134): Parameter "LPM_WIDTHD" = "4"
    Info (12134): Parameter "LPM_NREPRESENTATION" = "UNSIGNED"
    Info (12134): Parameter "LPM_DREPRESENTATION" = "UNSIGNED"
Info (12021): Found 1 design units, including 1 entities, in source file db/lpm_divide_gem.tdf
    Info (12023): Found entity 1: lpm_divide_gem
Warning (13024): Output pins are stuck at VCC or GND
    Warning (13410): Pin "HEX5[1]" is stuck at GND
    Warning (13410): Pin "HEX5[2]" is stuck at GND
    Warning (13410): Pin "HEX5[6]" is stuck at VCC
    Warning (13410): Pin "HEX6[0]" is stuck at GND
    Warning (13410): Pin "HEX6[1]" is stuck at GND
    Warning (13410): Pin "HEX6[2]" is stuck at GND
    Warning (13410): Pin "HEX6[3]" is stuck at GND
    Warning (13410): Pin "HEX6[4]" is stuck at GND
    Warning (13410): Pin "HEX6[5]" is stuck at GND
    Warning (13410): Pin "HEX6[6]" is stuck at VCC
    Warning (13410): Pin "HEX7[0]" is stuck at GND
    Warning (13410): Pin "HEX7[1]" is stuck at GND
    Warning (13410): Pin "HEX7[2]" is stuck at GND
    Warning (13410): Pin "HEX7[3]" is stuck at GND
    Warning (13410): Pin "HEX7[4]" is stuck at GND
    Warning (13410): Pin "HEX7[5]" is stuck at GND
    Warning (13410): Pin "HEX7[6]" is stuck at VCC
Info (16010): Generating hard_block partition "hard_block:auto_generated_inst"
    Info (16011): Adding 0 node(s), including 0 DDIO, 0 PLL, 0 transceiver and 0 LCELL
Info (21057): Implemented 33491 device resources after synthesis - the final resource count might be different
    Info (21058): Implemented 2 input pins
    Info (21059): Implemented 66 output pins
    Info (21061): Implemented 33423 logic cells
Info: Quartus II 64-Bit Analysis & Synthesis was successful. 0 errors, 31 warnings
    Info: Peak virtual memory: 4687 megabytes
    Info: Processing ended: Tue Jun 03 09:50:14 2025
    Info: Elapsed time: 00:02:46
    Info: Total CPU time (on all processors): 00:02:41


