Flow report for CPU_RISCV_Multicycle
Sun Jun  8 21:25:02 2025
Quartus Prime Version 24.1std.0 Build 1077 03/04/2025 SC Lite Edition


---------------------
; Table of Contents ;
---------------------
  1. Legal Notice
  2. Flow Summary
  3. Flow Settings
  4. Flow Non-Default Global Settings
  5. Flow Elapsed Time
  6. Flow OS Summary
  7. Flow Log
  8. Flow Messages
  9. Flow Suppressed Messages



----------------
; Legal Notice ;
----------------
Copyright (C) 2025  Altera Corporation. All rights reserved.
Your use of Altera Corporation's design tools, logic functions 
and other software and tools, and any partner logic 
functions, and any output files from any of the foregoing 
(including device programming or simulation files), and any 
associated documentation or information are expressly subject 
to the terms and conditions of the Altera Program License 
Subscription Agreement, the Altera Quartus Prime License Agreement,
the Altera IP License Agreement, or other applicable license
agreement, including, without limitation, that your use is for
the sole purpose of programming logic devices manufactured by
Altera and sold by Altera or its authorized distributors.  Please
refer to the Altera Software License Subscription Agreements 
on the Quartus Prime software download page.



+-----------------------------------------------------------------------------------+
; Flow Summary                                                                      ;
+---------------------------------+-------------------------------------------------+
; Flow Status                     ; Analyzed - Sun Jun  8 21:25:02 2025             ;
; Quartus Prime Version           ; 24.1std.0 Build 1077 03/04/2025 SC Lite Edition ;
; Revision Name                   ; CPU_RISCV_Multicycle                            ;
; Top-level Entity Name           ; Risc_V                                          ;
; Family                          ; Cyclone V                                       ;
; Device                          ; 5CGXFC7C7F23C8                                  ;
; Timing Models                   ; Final                                           ;
; Logic utilization (in ALMs)     ; 5,706 / 56,480 ( 10 % )                         ;
; Total registers                 ; 2372                                            ;
; Total pins                      ; 81 / 268 ( 30 % )                               ;
; Total virtual pins              ; 0                                               ;
; Total block memory bits         ; 0 / 7,024,640 ( 0 % )                           ;
; Total DSP Blocks                ; 2 / 156 ( 1 % )                                 ;
; Total HSSI RX PCSs              ; 0 / 6 ( 0 % )                                   ;
; Total HSSI PMA RX Deserializers ; 0 / 6 ( 0 % )                                   ;
; Total HSSI TX PCSs              ; 0 / 6 ( 0 % )                                   ;
; Total HSSI PMA TX Serializers   ; 0 / 6 ( 0 % )                                   ;
; Total PLLs                      ; 0 / 13 ( 0 % )                                  ;
; Total DLLs                      ; 0 / 4 ( 0 % )                                   ;
+---------------------------------+-------------------------------------------------+


+------------------------------------------+
; Flow Settings                            ;
+-------------------+----------------------+
; Option            ; Setting              ;
+-------------------+----------------------+
; Start date & time ; 06/08/2025 19:21:52  ;
; Main task         ; Compilation          ;
; Revision Name     ; CPU_RISCV_Multicycle ;
+-------------------+----------------------+


+--------------------------------------------------------------------------------------------------------------------------------+
; Flow Non-Default Global Settings                                                                                               ;
+-------------------------------------+----------------------------------------+----------------------+-------------+------------+
; Assignment Name                     ; Value                                  ; Default Value        ; Entity Name ; Section Id ;
+-------------------------------------+----------------------------------------+----------------------+-------------+------------+
; COMPILER_SIGNATURE_ID               ; 345052807176.174940691210616           ; --                   ; --          ; --         ;
; MAX_CORE_JUNCTION_TEMP              ; 85                                     ; --                   ; --          ; --         ;
; MIN_CORE_JUNCTION_TEMP              ; 0                                      ; --                   ; --          ; --         ;
; PARTITION_COLOR                     ; -- (Not supported for targeted family) ; --                   ; Risc_V      ; Top        ;
; PARTITION_FITTER_PRESERVATION_LEVEL ; -- (Not supported for targeted family) ; --                   ; Risc_V      ; Top        ;
; PARTITION_NETLIST_TYPE              ; -- (Not supported for targeted family) ; --                   ; Risc_V      ; Top        ;
; POWER_BOARD_THERMAL_MODEL           ; None (CONSERVATIVE)                    ; --                   ; --          ; --         ;
; POWER_PRESET_COOLING_SOLUTION       ; 23 MM HEAT SINK WITH 200 LFPM AIRFLOW  ; --                   ; --          ; --         ;
; PROJECT_OUTPUT_DIRECTORY            ; output_files                           ; --                   ; --          ; --         ;
; TOP_LEVEL_ENTITY                    ; Risc_V                                 ; CPU_RISCV_Multicycle ; --          ; --         ;
+-------------------------------------+----------------------------------------+----------------------+-------------+------------+


+--------------------------------------------------------------------------------------------------------------------------+
; Flow Elapsed Time                                                                                                        ;
+----------------------+--------------+-------------------------+---------------------+------------------------------------+
; Module Name          ; Elapsed Time ; Average Processors Used ; Peak Virtual Memory ; Total CPU Time (on all processors) ;
+----------------------+--------------+-------------------------+---------------------+------------------------------------+
; Analysis & Synthesis ; 00:01:25     ; 1.0                     ; 4957 MB             ; 00:01:51                           ;
; Fitter               ; 00:21:43     ; 1.1                     ; 7157 MB             ; 01:02:34                           ;
; Assembler            ; 00:00:30     ; 1.0                     ; 4941 MB             ; 00:00:20                           ;
; Timing Analyzer      ; 00:01:41     ; 3.9                     ; 5650 MB             ; 00:02:59                           ;
; Design Assistant     ; 00:00:08     ; 1.0                     ; 4886 MB             ; 00:00:08                           ;
; Total                ; 00:25:27     ; --                      ; --                  ; 01:07:52                           ;
+----------------------+--------------+-------------------------+---------------------+------------------------------------+


+------------------------------------------------------------------------------------+
; Flow OS Summary                                                                    ;
+----------------------+------------------+------------+------------+----------------+
; Module Name          ; Machine Hostname ; OS Name    ; OS Version ; Processor type ;
+----------------------+------------------+------------+------------+----------------+
; Analysis & Synthesis ; DESKTOP-JORCQHS  ; Windows 10 ; 10.0       ; x86_64         ;
; Fitter               ; DESKTOP-JORCQHS  ; Windows 10 ; 10.0       ; x86_64         ;
; Assembler            ; DESKTOP-JORCQHS  ; Windows 10 ; 10.0       ; x86_64         ;
; Timing Analyzer      ; DESKTOP-JORCQHS  ; Windows 10 ; 10.0       ; x86_64         ;
; Design Assistant     ; DESKTOP-JORCQHS  ; Windows 10 ; 10.0       ; x86_64         ;
+----------------------+------------------+------------+------------+----------------+


------------
; Flow Log ;
------------
quartus_map --read_settings_files=on --write_settings_files=off CPU_RISCV_Multicycle -c CPU_RISCV_Multicycle
quartus_fit --read_settings_files=off --write_settings_files=off CPU_RISCV_Multicycle -c CPU_RISCV_Multicycle
quartus_asm --read_settings_files=off --write_settings_files=off CPU_RISCV_Multicycle -c CPU_RISCV_Multicycle
quartus_sta CPU_RISCV_Multicycle -c CPU_RISCV_Multicycle
quartus_eda --read_settings_files=on --write_settings_files=off CPU_RISCV_Multicycle -c CPU_RISCV_Multicycle
quartus_drc CPU_RISCV_Multicycle -c CPU_RISCV_Multicycle



